<?xml version="1.0" encoding="UTF-8"?>
<!-- Generated by org.testng.reporters.JUnitXMLReporter -->
<testsuite ignored="0" hostname="MSI" failures="0" tests="10" name="Tutorial Ninja Tests" time="57.533" errors="0" timestamp="2023-12-05T11:33:44 IST">
  <testcase classname="com.tutorialsninja.qa.testcases.Register" name="VerifyRegisteringAnAccountWithMandatoryFields" time="1.163"/>
  <testcase classname="com.tutorialsninja.qa.testcases.Login" name="verifyLoginWithValidCredentials" time="1.085"/>
  <testcase classname="com.tutorialsninja.qa.testcases.Login" name="verifyLoginWithValidCredentials" time="1.038"/>
  <testcase classname="com.tutorialsninja.qa.testcases.Login" name="verifyLoginWithInValidCredentials" time="0.556"/>
  <testcase classname="com.tutorialsninja.qa.testcases.Login" name="verifyLoginWithInValidEmailInValidPasswordCredentials" time="0.568"/>
  <testcase classname="com.tutorialsninja.qa.testcases.Login" name="verifyLoginWithValidEmailInValidPasswordCredentials" time="0.563"/>
  <testcase classname="com.tutorialsninja.qa.testcases.Login" name="verifyLoginWithoutCredentials" time="0.561"/>
  <testcase classname="com.tutorialsninja.qa.testcases.Search" name="VerifySearchWithAnExistingProduct" time="0.746"/>
  <testcase classname="com.tutorialsninja.qa.testcases.Search" name="VerifySearchWithInvalidProduct" time="0.403"/>
  <testcase classname="com.tutorialsninja.qa.testcases.Search" name="VerifySearchWithOutProductName" time="0.406"/>
</testsuite> <!-- Tutorial Ninja Tests -->
